<?xml version="1.0" encoding="UTF-8"?>
<testsuite xmlns:xsi="http://www.w3.org/2001/XMLSchema-instance" xsi:noNamespaceSchemaLocation="https://maven.apache.org/surefire/maven-surefire-plugin/xsd/surefire-test-report-3.0.xsd" version="3.0" name="InventoryControlTest" time="1.441" tests="1" errors="0" skipped="0" failures="0">
  <properties>
[...]
</properties>
  <testcase name="InventoryControlTest.testFunctionality()" classname="InventoryControlTest" time="1.427">
    <system-out><![CDATA[Beginning tests for Inventory Control
User is not allowed to alter inventory.
User is not allowed to alter inventory.
HEREEEEEEEEEEEEEEEEEEEEEEEEEEE
Excel file written successfully.
]]></system-out>
  </testcase>
</testsuite>