<?xml version="1.0" encoding="UTF-8"?>
<testsuite xmlns:xsi="http://www.w3.org/2001/XMLSchema-instance" xsi:noNamespaceSchemaLocation="https://maven.apache.org/surefire/maven-surefire-plugin/xsd/surefire-test-report.xsd" version="3.0.1" name="com.sfwe301.InventoryControlTest" time="0.193" tests="14" errors="0" skipped="0" failures="0">
  <properties>
[...]
</properties>
  <testcase name="prescriptionNotPickedUp" classname="com.sfwe301.InventoryControlTest" time="0.042">
    <system-out><![CDATA[Prescription with ID 23 was not picked up within 7 days, returning item inventory.
Prescription with ID 23 was not picked up within 7 days, returning item inventory.
]]></system-out>
  </testcase>
  <testcase name="reachLowThreshold" classname="com.sfwe301.InventoryControlTest" time="0.002">
    <system-out><![CDATA[Inventory for Tylonol is low. Please place an order.
Quantity left: 4
]]></system-out>
  </testcase>
  <testcase name="fillPrescription" classname="com.sfwe301.InventoryControlTest" time="0.003"/>
  <testcase name="restockInventoryItem" classname="com.sfwe301.InventoryControlTest" time="0.006"/>
  <testcase name="duplicateItems" classname="com.sfwe301.InventoryControlTest" time="0.004">
    <system-out><![CDATA[Inventory item already exists in inventory.
]]></system-out>
  </testcase>
  <testcase name="logDisposalNotes" classname="com.sfwe301.InventoryControlTest" time="0.001"/>
  <testcase name="logEmergencyMedicationNotes" classname="com.sfwe301.InventoryControlTest" time="0.004"/>
  <testcase name="inventorySecurity" classname="com.sfwe301.InventoryControlTest" time="0.007">
    <system-out><![CDATA[User is not allowed to alter inventory
]]></system-out>
  </testcase>
  <testcase name="createInventory" classname="com.sfwe301.InventoryControlTest" time="0.001"/>
  <testcase name="reachOutOfStock" classname="com.sfwe301.InventoryControlTest" time="0.006">
    <system-out><![CDATA[Out of stock for Treda. Please place an order.
]]></system-out>
  </testcase>
  <testcase name="logSupplierInfo" classname="com.sfwe301.InventoryControlTest" time="0.001"/>
  <testcase name="fillExpPrescription" classname="com.sfwe301.InventoryControlTest" time="0.004">
    <system-out><![CDATA[Prescription Medication has expired, item cannot be sold.
]]></system-out>
  </testcase>
  <testcase name="insertInventoryItems" classname="com.sfwe301.InventoryControlTest" time="0.002"/>
  <testcase name="subtractInventory" classname="com.sfwe301.InventoryControlTest" time="0.007"/>
</testsuite>